<?xml version="1.0" encoding="UTF-8"?>
<testng-results skipped="0" failed="0" ignored="0" total="0" passed="0">
  <reporter-output>
  </reporter-output>
  <suite name="com.hyder.runner.DemoTest" duration-ms="0" started-at="2019-07-07T11:02:58Z" finished-at="2019-07-07T11:02:58Z">
    <groups>
    </groups>
    <test name="Command line test" duration-ms="0" started-at="2019-07-07T11:02:58Z" finished-at="2019-07-07T11:02:58Z">
    </test> <!-- Command line test -->
  </suite> <!-- com.hyder.runner.DemoTest -->
</testng-results>
